#
# There is insufficient memory for the Java Runtime Environment to continue.
# Native memory allocation (mmap) failed to map 25165824 bytes for Failed to commit area from 0x00000000a8000000 to 0x00000000a9800000 of length 25165824.
# Possible reasons:
#   The system is out of physical RAM or swap space
#   The process is running with CompressedOops enabled, and the Java Heap may be blocking the growth of the native heap
# Possible solutions:
#   Reduce memory load on the system
#   Increase physical memory or swap space
#   Check if swap backing store is full
#   Decrease Java heap size (-Xmx/-Xms)
#   Decrease number of Java threads
#   Decrease Java thread stack sizes (-Xss)
#   Set larger code cache with -XX:ReservedCodeCacheSize=
#   JVM is running with Unscaled Compressed Oops mode in which the Java heap is
#     placed in the first 4GB address space. The Java Heap base address is the
#     maximum limit for the native heap growth. Please use -XX:HeapBaseMinAddress
#     to set the Java Heap base and to place the Java Heap above 4GB virtual address.
# This output file may be truncated or incomplete.
#
#  Out of Memory Error (./src/hotspot/os/windows/os_windows.cpp:3311), pid=3412, tid=740
#
# JRE version: OpenJDK Runtime Environment 18.9 (11.0.13+8) (build 11.0.13+8)
# Java VM: OpenJDK 64-Bit Server VM 18.9 (11.0.13+8, mixed mode, tiered, compressed oops, g1 gc, windows-amd64)
# No core dump will be written. Minidumps are not enabled by default on client versions of Windows
#

---------------  S U M M A R Y ------------

Command Line: org.jetbrains.kotlin.cli.jvm.K2JVMCompiler @C:\fahrul\coding\bootcamp\Mobile\vehicleRental\node_modules\react-native-gesture-handler\android\build\20220223_2571512248464230526.compiler.options

Host: AMD Ryzen 3 3250U with Radeon Graphics         , 4 cores, 5G,  Windows 10 , 64 bit Build 22000 (10.0.22000.434)
Time: Wed Feb 23 22:06:01 2022 Malay Peninsula Standard Time elapsed time: 10.708264 seconds (0d 0h 0m 10s)

---------------  T H R E A D  ---------------

Current thread (0x0000021c805db000):  VMThread "VM Thread" [stack: 0x0000009216d00000,0x0000009216e00000] [id=740]

Stack: [0x0000009216d00000,0x0000009216e00000]
[error occurred during error reporting (printing stack bounds), id 0xc0000005, EXCEPTION_ACCESS_VIOLATION (0xc0000005) at pc=0x0000021ceb0a112d]

Native frames: (J=compiled Java code, j=interpreted, Vv=VM code, C=native code)
V  [jvm.dll+0x64b92a]
V  [jvm.dll+0x78e4e9]
V  [jvm.dll+0x78fbcc]
V  [jvm.dll+0x7901f5]
V  [jvm.dll+0x7901ab]
V  [jvm.dll+0x64ac28]
V  [jvm.dll+0x64b348]
C  [ntdll.dll+0xa86ef]
C  [ntdll.dll+0x35aea]
C  [ntdll.dll+0xa76fe]
C  0x0000021ceb0a112d

VM_Operation (0x00000092167fad80): G1CollectForAllocation, mode: safepoint, requested by thread 0x0000021ce1163800


---------------  P R O C E S S  ---------------

Threads class SMR info:
_java_thread_list=0x0000021c81adbdc0, length=11, elements={
0x0000021ce1163800, 0x0000021c805dc800, 0x0000021c805e5800, 0x0000021c805f5800,
0x0000021c805f7800, 0x0000021c805fb000, 0x0000021c805fe000, 0x0000021c8060a800,
0x0000021c80615000, 0x0000021c810cd000, 0x0000021c83641000
}

Java Threads: ( => current thread )
  0x0000021ce1163800 JavaThread "main" [_thread_blocked, id=4752, stack(0x0000009216700000,0x0000009216800000)]
  0x0000021c805dc800 JavaThread "Reference Handler" daemon [_thread_blocked, id=4816, stack(0x0000009216e00000,0x0000009216f00000)]
  0x0000021c805e5800 JavaThread "Finalizer" daemon [_thread_blocked, id=6512, stack(0x0000009216f00000,0x0000009217000000)]
  0x0000021c805f5800 JavaThread "Signal Dispatcher" daemon [_thread_blocked, id=7896, stack(0x0000009217000000,0x0000009217100000)]
  0x0000021c805f7800 JavaThread "Attach Listener" daemon [_thread_blocked, id=10040, stack(0x0000009217100000,0x0000009217200000)]
  0x0000021c805fb000 JavaThread "Service Thread" daemon [_thread_blocked, id=13224, stack(0x0000009217200000,0x0000009217300000)]
  0x0000021c805fe000 JavaThread "C2 CompilerThread0" daemon [_thread_blocked, id=12468, stack(0x0000009217300000,0x0000009217400000)]
  0x0000021c8060a800 JavaThread "C1 CompilerThread0" daemon [_thread_blocked, id=11520, stack(0x0000009217400000,0x0000009217500000)]
  0x0000021c80615000 JavaThread "Sweeper thread" daemon [_thread_blocked, id=11980, stack(0x0000009217500000,0x0000009217600000)]
  0x0000021c810cd000 JavaThread "Common-Cleaner" daemon [_thread_blocked, id=12612, stack(0x0000009217700000,0x0000009217800000)]
  0x0000021c83641000 JavaThread "C2 CompilerThread1" daemon [_thread_blocked, id=1664, stack(0x0000009217a00000,0x0000009217b00000)]

Other Threads:
=>0x0000021c805db000 VMThread "VM Thread" [stack: 0x0000009216d00000,0x0000009216e00000] [id=740]
  0x0000021c810c2800 WatcherThread [stack: 0x0000009217600000,0x0000009217700000] [id=7064]
  0x0000021ce1179800 GCTaskThread "GC Thread#0" [stack: 0x0000009216800000,0x0000009216900000] [id=3240]
  0x0000021c81516800 GCTaskThread "GC Thread#1" [stack: 0x0000009217800000,0x0000009217900000] [id=6660]
  0x0000021ce119e800 ConcurrentGCThread "G1 Main Marker" [stack: 0x0000009216900000,0x0000009216a00000] [id=1976]
  0x0000021ce11a1000 ConcurrentGCThread "G1 Conc#0" [stack: 0x0000009216a00000,0x0000009216b00000] [id=11900]
  0x0000021ce1217000 ConcurrentGCThread "G1 Refine#0" [stack: 0x0000009216b00000,0x0000009216c00000] [id=2364]
  0x0000021c84f1f000 ConcurrentGCThread "G1 Refine#1" [stack: 0x0000009217900000,0x0000009217a00000] [id=9248]
  0x0000021ce1219800 ConcurrentGCThread "G1 Young RemSet Sampling" [stack: 0x0000009216c00000,0x0000009216d00000] [id=3916]

Threads with active compile tasks:
C2 CompilerThread0  10728 7609       4       org.jetbrains.kotlin.load.java.lazy.descriptors.LazyJavaScope::getContributedFunctions (47 bytes)
C1 CompilerThread0  10728 7625       3       org.jetbrains.kotlin.load.java.lazy.descriptors.LazyJavaScope::getClassNamesLazy (17 bytes)
C2 CompilerThread1  10728 7620       4       org.jetbrains.kotlin.util.collectionUtils.ScopeUtilsKt::concat (61 bytes)

VM state:at safepoint (normal execution)

VM Mutex/Monitor currently owned by a thread:  ([mutex/lock_event])
[0x0000021ce1160ab0] Threads_lock - owner thread: 0x0000021c805db000
[0x0000021ce1160fc0] Heap_lock - owner thread: 0x0000021ce1163800

Heap address: 0x00000000a0c00000, size: 1524 MB, Compressed Oops mode: 32-bit
Narrow klass base: 0x0000000000000000, Narrow klass shift: 3
Compressed class space size: 1073741824 Address: 0x0000000100000000

Heap:
 garbage-first heap   total 143360K, used 54784K [0x00000000a0c00000, 0x0000000100000000)
  region size 1024K, 5 young (5120K), 5 survivors (5120K)
 Metaspace       used 55892K, capacity 56531K, committed 56576K, reserved 1099776K
  class space    used 6161K, capacity 6390K, committed 6400K, reserved 1048576K
Heap Regions: E=young(eden), S=young(survivor), O=old, HS=humongous(starts), HC=humongous(continues), CS=collection set, F=free, A=archive, TAMS=top-at-mark-start (previous, next)
|   0|0x00000000a0c00000, 0x00000000a0d00000, 0x00000000a0d00000|100%|HS|  |TAMS 0x00000000a0d00000, 0x00000000a0c00000| Complete 
|   1|0x00000000a0d00000, 0x00000000a0e00000, 0x00000000a0e00000|100%|HC|  |TAMS 0x00000000a0e00000, 0x00000000a0d00000| Complete 
|   2|0x00000000a0e00000, 0x00000000a0f00000, 0x00000000a0f00000|100%|HC|  |TAMS 0x00000000a0f00000, 0x00000000a0e00000| Complete 
|   3|0x00000000a0f00000, 0x00000000a1000000, 0x00000000a1000000|100%| O|  |TAMS 0x00000000a1000000, 0x00000000a0f00000| Untracked 
|   4|0x00000000a1000000, 0x00000000a1100000, 0x00000000a1100000|100%| O|  |TAMS 0x00000000a1100000, 0x00000000a1000000| Untracked 
|   5|0x00000000a1100000, 0x00000000a1200000, 0x00000000a1200000|100%|HS|  |TAMS 0x00000000a1200000, 0x00000000a1100000| Complete 
|   6|0x00000000a1200000, 0x00000000a1300000, 0x00000000a1300000|100%|HC|  |TAMS 0x00000000a1300000, 0x00000000a1200000| Complete 
|   7|0x00000000a1300000, 0x00000000a1400000, 0x00000000a1400000|100%|HC|  |TAMS 0x00000000a1400000, 0x00000000a1300000| Complete 
|   8|0x00000000a1400000, 0x00000000a1500000, 0x00000000a1500000|100%|HS|  |TAMS 0x00000000a1500000, 0x00000000a1400000| Complete 
|   9|0x00000000a1500000, 0x00000000a1600000, 0x00000000a1600000|100%|HC|  |TAMS 0x00000000a1600000, 0x00000000a1500000| Complete 
|  10|0x00000000a1600000, 0x00000000a1700000, 0x00000000a1700000|100%|HC|  |TAMS 0x00000000a1700000, 0x00000000a1600000| Complete 
|  11|0x00000000a1700000, 0x00000000a1800000, 0x00000000a1800000|100%| O|  |TAMS 0x00000000a1800000, 0x00000000a1700000| Untracked 
|  12|0x00000000a1800000, 0x00000000a1900000, 0x00000000a1900000|100%| O|  |TAMS 0x00000000a1900000, 0x00000000a1800000| Untracked 
|  13|0x00000000a1900000, 0x00000000a1a00000, 0x00000000a1a00000|100%| O|  |TAMS 0x00000000a1a00000, 0x00000000a1900000| Untracked 
|  14|0x00000000a1a00000, 0x00000000a1b00000, 0x00000000a1b00000|100%| O|  |TAMS 0x00000000a1b00000, 0x00000000a1a00000| Untracked 
|  15|0x00000000a1b00000, 0x00000000a1c00000, 0x00000000a1c00000|100%| O|  |TAMS 0x00000000a1b00000, 0x00000000a1b00000| Untracked 
|  16|0x00000000a1c00000, 0x00000000a1d00000, 0x00000000a1d00000|100%| O|  |TAMS 0x00000000a1c00000, 0x00000000a1c00000| Untracked 
|  17|0x00000000a1d00000, 0x00000000a1e00000, 0x00000000a1e00000|100%| O|  |TAMS 0x00000000a1e00000, 0x00000000a1d00000| Untracked 
|  18|0x00000000a1e00000, 0x00000000a1f00000, 0x00000000a1f00000|100%| O|  |TAMS 0x00000000a1f00000, 0x00000000a1e00000| Untracked 
|  19|0x00000000a1f00000, 0x00000000a2000000, 0x00000000a2000000|100%| O|  |TAMS 0x00000000a2000000, 0x00000000a1f00000| Untracked 
|  20|0x00000000a2000000, 0x00000000a2100000, 0x00000000a2100000|100%| O|  |TAMS 0x00000000a2100000, 0x00000000a2000000| Untracked 
|  21|0x00000000a2100000, 0x00000000a2200000, 0x00000000a2200000|100%| O|  |TAMS 0x00000000a2200000, 0x00000000a2100000| Untracked 
|  22|0x00000000a2200000, 0x00000000a2300000, 0x00000000a2300000|100%| O|  |TAMS 0x00000000a2300000, 0x00000000a2200000| Untracked 
|  23|0x00000000a2300000, 0x00000000a2400000, 0x00000000a2400000|100%|HS|  |TAMS 0x00000000a2300000, 0x00000000a2300000| Complete 
|  24|0x00000000a2400000, 0x00000000a2500000, 0x00000000a2500000|100%|HC|  |TAMS 0x00000000a2400000, 0x00000000a2400000| Complete 
|  25|0x00000000a2500000, 0x00000000a2600000, 0x00000000a2600000|100%| O|  |TAMS 0x00000000a2500000, 0x00000000a2500000| Untracked 
|  26|0x00000000a2600000, 0x00000000a2700000, 0x00000000a2700000|100%| O|  |TAMS 0x00000000a2600000, 0x00000000a2600000| Untracked 
|  27|0x00000000a2700000, 0x00000000a2800000, 0x00000000a2800000|100%| O|  |TAMS 0x00000000a2700000, 0x00000000a2700000| Untracked 
|  28|0x00000000a2800000, 0x00000000a2900000, 0x00000000a2900000|100%| O|  |TAMS 0x00000000a2800000, 0x00000000a2800000| Untracked 
|  29|0x00000000a2900000, 0x00000000a2a00000, 0x00000000a2a00000|100%| O|  |TAMS 0x00000000a2900000, 0x00000000a2900000| Untracked 
|  30|0x00000000a2a00000, 0x00000000a2b00000, 0x00000000a2b00000|100%| O|  |TAMS 0x00000000a2a00000, 0x00000000a2a00000| Untracked 
|  31|0x00000000a2b00000, 0x00000000a2c00000, 0x00000000a2c00000|100%| O|  |TAMS 0x00000000a2b00000, 0x00000000a2b00000| Untracked 
|  32|0x00000000a2c00000, 0x00000000a2d00000, 0x00000000a2d00000|100%| O|  |TAMS 0x00000000a2c00000, 0x00000000a2c00000| Untracked 
|  33|0x00000000a2d00000, 0x00000000a2e00000, 0x00000000a2e00000|100%| O|  |TAMS 0x00000000a2d00000, 0x00000000a2d00000| Untracked 
|  34|0x00000000a2e00000, 0x00000000a2f00000, 0x00000000a2f00000|100%| O|  |TAMS 0x00000000a2e00000, 0x00000000a2e00000| Untracked 
|  35|0x00000000a2f00000, 0x00000000a3000000, 0x00000000a3000000|100%| O|  |TAMS 0x00000000a2f00000, 0x00000000a2f00000| Untracked 
|  36|0x00000000a3000000, 0x00000000a3100000, 0x00000000a3100000|100%| O|  |TAMS 0x00000000a3000000, 0x00000000a3000000| Untracked 
|  37|0x00000000a3100000, 0x00000000a3200000, 0x00000000a3200000|100%| O|  |TAMS 0x00000000a3100000, 0x00000000a3100000| Untracked 
|  38|0x00000000a3200000, 0x00000000a3300000, 0x00000000a3300000|100%| O|  |TAMS 0x00000000a3200000, 0x00000000a3200000| Untracked 
|  39|0x00000000a3300000, 0x00000000a3400000, 0x00000000a3400000|100%| O|  |TAMS 0x00000000a3300000, 0x00000000a3300000| Untracked 
|  40|0x00000000a3400000, 0x00000000a3500000, 0x00000000a3500000|100%| O|  |TAMS 0x00000000a3400000, 0x00000000a3400000| Untracked 
|  41|0x00000000a3500000, 0x00000000a3600000, 0x00000000a3600000|100%| O|  |TAMS 0x00000000a3500000, 0x00000000a3500000| Untracked 
|  42|0x00000000a3600000, 0x00000000a3700000, 0x00000000a3700000|100%| O|  |TAMS 0x00000000a3600000, 0x00000000a3600000| Untracked 
|  43|0x00000000a3700000, 0x00000000a3800000, 0x00000000a3800000|100%| O|  |TAMS 0x00000000a3700000, 0x00000000a3700000| Untracked 
|  44|0x00000000a3800000, 0x00000000a3900000, 0x00000000a3900000|100%| O|  |TAMS 0x00000000a3800000, 0x00000000a3800000| Untracked 
|  45|0x00000000a3900000, 0x00000000a3a00000, 0x00000000a3a00000|100%| O|  |TAMS 0x00000000a3900000, 0x00000000a3900000| Untracked 
|  46|0x00000000a3a00000, 0x00000000a3b00000, 0x00000000a3b00000|100%| O|  |TAMS 0x00000000a3a00000, 0x00000000a3a00000| Untracked 
|  47|0x00000000a3b00000, 0x00000000a3c00000, 0x00000000a3c00000|100%| O|  |TAMS 0x00000000a3b00000, 0x00000000a3b00000| Untracked 
|  48|0x00000000a3c00000, 0x00000000a3c80000, 0x00000000a3d00000| 50%| O|  |TAMS 0x00000000a3c00000, 0x00000000a3c00000| Untracked 
|  49|0x00000000a3d00000, 0x00000000a3d00000, 0x00000000a3e00000|  0%| F|  |TAMS 0x00000000a3d00000, 0x00000000a3d00000| Untracked 
|  50|0x00000000a3e00000, 0x00000000a3e00000, 0x00000000a3f00000|  0%| F|  |TAMS 0x00000000a3e00000, 0x00000000a3e00000| Untracked 
|  51|0x00000000a3f00000, 0x00000000a3f00000, 0x00000000a4000000|  0%| F|  |TAMS 0x00000000a3f00000, 0x00000000a3f00000| Untracked 
|  52|0x00000000a4000000, 0x00000000a4000000, 0x00000000a4100000|  0%| F|  |TAMS 0x00000000a4000000, 0x00000000a4000000| Untracked 
|  53|0x00000000a4100000, 0x00000000a4100000, 0x00000000a4200000|  0%| F|  |TAMS 0x00000000a4100000, 0x00000000a4100000| Untracked 
|  54|0x00000000a4200000, 0x00000000a4200000, 0x00000000a4300000|  0%| F|  |TAMS 0x00000000a4200000, 0x00000000a4200000| Untracked 
|  55|0x00000000a4300000, 0x00000000a4300000, 0x00000000a4400000|  0%| F|  |TAMS 0x00000000a4300000, 0x00000000a4300000| Untracked 
|  56|0x00000000a4400000, 0x00000000a4400000, 0x00000000a4500000|  0%| F|  |TAMS 0x00000000a4400000, 0x00000000a4400000| Untracked 
|  57|0x00000000a4500000, 0x00000000a4500000, 0x00000000a4600000|  0%| F|  |TAMS 0x00000000a4500000, 0x00000000a4500000| Untracked 
|  58|0x00000000a4600000, 0x00000000a4600000, 0x00000000a4700000|  0%| F|  |TAMS 0x00000000a4600000, 0x00000000a4600000| Untracked 
|  59|0x00000000a4700000, 0x00000000a4700000, 0x00000000a4800000|  0%| F|  |TAMS 0x00000000a4700000, 0x00000000a4700000| Untracked 
|  60|0x00000000a4800000, 0x00000000a4800000, 0x00000000a4900000|  0%| F|  |TAMS 0x00000000a4800000, 0x00000000a4800000| Untracked 
|  61|0x00000000a4900000, 0x00000000a4900000, 0x00000000a4a00000|  0%| F|  |TAMS 0x00000000a4900000, 0x00000000a4900000| Untracked 
|  62|0x00000000a4a00000, 0x00000000a4a00000, 0x00000000a4b00000|  0%| F|  |TAMS 0x00000000a4a00000, 0x00000000a4a00000| Untracked 
|  63|0x00000000a4b00000, 0x00000000a4b00000, 0x00000000a4c00000|  0%| F|  |TAMS 0x00000000a4b00000, 0x00000000a4b00000| Untracked 
|  64|0x00000000a4c00000, 0x00000000a4c00000, 0x00000000a4d00000|  0%| F|  |TAMS 0x00000000a4c00000, 0x00000000a4c00000| Untracked 
|  65|0x00000000a4d00000, 0x00000000a4d00000, 0x00000000a4e00000|  0%| F|  |TAMS 0x00000000a4d00000, 0x00000000a4d00000| Untracked 
|  66|0x00000000a4e00000, 0x00000000a4e00000, 0x00000000a4f00000|  0%| F|  |TAMS 0x00000000a4e00000, 0x00000000a4e00000| Untracked 
|  67|0x00000000a4f00000, 0x00000000a4f00000, 0x00000000a5000000|  0%| F|  |TAMS 0x00000000a4f00000, 0x00000000a4f00000| Untracked 
|  68|0x00000000a5000000, 0x00000000a5000000, 0x00000000a5100000|  0%| F|  |TAMS 0x00000000a5000000, 0x00000000a5000000| Untracked 
|  69|0x00000000a5100000, 0x00000000a5100000, 0x00000000a5200000|  0%| F|  |TAMS 0x00000000a5100000, 0x00000000a5100000| Untracked 
|  70|0x00000000a5200000, 0x00000000a5200000, 0x00000000a5300000|  0%| F|  |TAMS 0x00000000a5200000, 0x00000000a5200000| Untracked 
|  71|0x00000000a5300000, 0x00000000a5300000, 0x00000000a5400000|  0%| F|  |TAMS 0x00000000a5300000, 0x00000000a5300000| Untracked 
|  72|0x00000000a5400000, 0x00000000a5400000, 0x00000000a5500000|  0%| F|  |TAMS 0x00000000a5400000, 0x00000000a5400000| Untracked 
|  73|0x00000000a5500000, 0x00000000a5600000, 0x00000000a5600000|100%| S|CS|TAMS 0x00000000a5500000, 0x00000000a5500000| Complete 
|  74|0x00000000a5600000, 0x00000000a5600000, 0x00000000a5700000|  0%| F|  |TAMS 0x00000000a5600000, 0x00000000a5600000| Untracked 
|  75|0x00000000a5700000, 0x00000000a5800000, 0x00000000a5800000|100%| S|CS|TAMS 0x00000000a5700000, 0x00000000a5700000| Complete 
|  76|0x00000000a5800000, 0x00000000a5900000, 0x00000000a5900000|100%| S|CS|TAMS 0x00000000a5800000, 0x00000000a5800000| Complete 
|  77|0x00000000a5900000, 0x00000000a5a00000, 0x00000000a5a00000|100%| S|CS|TAMS 0x00000000a5900000, 0x00000000a5900000| Complete 
|  78|0x00000000a5a00000, 0x00000000a5b00000, 0x00000000a5b00000|100%| S|CS|TAMS 0x00000000a5a00000, 0x00000000a5a00000| Complete 
|  79|0x00000000a5b00000, 0x00000000a5b00000, 0x00000000a5c00000|  0%| F|  |TAMS 0x00000000a5b00000, 0x00000000a5b00000| Untracked 
|  80|0x00000000a5c00000, 0x00000000a5c00000, 0x00000000a5d00000|  0%| F|  |TAMS 0x00000000a5c00000, 0x00000000a5c00000| Untracked 
|  81|0x00000000a5d00000, 0x00000000a5d00000, 0x00000000a5e00000|  0%| F|  |TAMS 0x00000000a5d00000, 0x00000000a5d00000| Untracked 
|  82|0x00000000a5e00000, 0x00000000a5e00000, 0x00000000a5f00000|  0%| F|  |TAMS 0x00000000a5e00000, 0x00000000a5e00000| Untracked 
|  83|0x00000000a5f00000, 0x00000000a5f00000, 0x00000000a6000000|  0%| F|  |TAMS 0x00000000a5f00000, 0x00000000a5f00000| Untracked 
|  84|0x00000000a6000000, 0x00000000a6000000, 0x00000000a6100000|  0%| F|  |TAMS 0x00000000a6000000, 0x00000000a6000000| Untracked 
|  85|0x00000000a6100000, 0x00000000a6100000, 0x00000000a6200000|  0%| F|  |TAMS 0x00000000a6100000, 0x00000000a6100000| Untracked 
|  86|0x00000000a6200000, 0x00000000a6200000, 0x00000000a6300000|  0%| F|  |TAMS 0x00000000a6200000, 0x00000000a6200000| Untracked 
|  87|0x00000000a6300000, 0x00000000a6300000, 0x00000000a6400000|  0%| F|  |TAMS 0x00000000a6300000, 0x00000000a6300000| Untracked 
|  88|0x00000000a6400000, 0x00000000a6400000, 0x00000000a6500000|  0%| F|  |TAMS 0x00000000a6400000, 0x00000000a6400000| Untracked 
|  89|0x00000000a6500000, 0x00000000a6500000, 0x00000000a6600000|  0%| F|  |TAMS 0x00000000a6500000, 0x00000000a6500000| Untracked 
|  90|0x00000000a6600000, 0x00000000a6600000, 0x00000000a6700000|  0%| F|  |TAMS 0x00000000a6600000, 0x00000000a6600000| Untracked 
|  91|0x00000000a6700000, 0x00000000a6700000, 0x00000000a6800000|  0%| F|  |TAMS 0x00000000a6700000, 0x00000000a6700000| Untracked 
|  92|0x00000000a6800000, 0x00000000a6800000, 0x00000000a6900000|  0%| F|  |TAMS 0x00000000a6800000, 0x00000000a6800000| Untracked 
|  93|0x00000000a6900000, 0x00000000a6900000, 0x00000000a6a00000|  0%| F|  |TAMS 0x00000000a6900000, 0x00000000a6900000| Untracked 
|  94|0x00000000a6a00000, 0x00000000a6a00000, 0x00000000a6b00000|  0%| F|  |TAMS 0x00000000a6a00000, 0x00000000a6a00000| Untracked 
|  95|0x00000000a6b00000, 0x00000000a6b00000, 0x00000000a6c00000|  0%| F|  |TAMS 0x00000000a6b00000, 0x00000000a6b00000| Untracked 
|  96|0x00000000a6c00000, 0x00000000a6c00000, 0x00000000a6d00000|  0%| F|  |TAMS 0x00000000a6c00000, 0x00000000a6c00000| Untracked 
|  97|0x00000000a6d00000, 0x00000000a6d00000, 0x00000000a6e00000|  0%| F|  |TAMS 0x00000000a6d00000, 0x00000000a6d00000| Untracked 
|  98|0x00000000a6e00000, 0x00000000a6e00000, 0x00000000a6f00000|  0%| F|  |TAMS 0x00000000a6e00000, 0x00000000a6e00000| Untracked 
|  99|0x00000000a6f00000, 0x00000000a6f00000, 0x00000000a7000000|  0%| F|  |TAMS 0x00000000a6f00000, 0x00000000a6f00000| Untracked 
| 100|0x00000000a7000000, 0x00000000a7000000, 0x00000000a7100000|  0%| F|  |TAMS 0x00000000a7000000, 0x00000000a7000000| Untracked 
| 101|0x00000000a7100000, 0x00000000a7100000, 0x00000000a7200000|  0%| F|  |TAMS 0x00000000a7100000, 0x00000000a7100000| Untracked 
| 102|0x00000000a7200000, 0x00000000a7200000, 0x00000000a7300000|  0%| F|  |TAMS 0x00000000a7200000, 0x00000000a7200000| Untracked 
| 103|0x00000000a7300000, 0x00000000a7300000, 0x00000000a7400000|  0%| F|  |TAMS 0x00000000a7300000, 0x00000000a7300000| Untracked 
| 104|0x00000000a7400000, 0x00000000a7400000, 0x00000000a7500000|  0%| F|  |TAMS 0x00000000a7400000, 0x00000000a7400000| Untracked 
| 105|0x00000000a7500000, 0x00000000a7500000, 0x00000000a7600000|  0%| F|  |TAMS 0x00000000a7500000, 0x00000000a7500000| Untracked 
| 106|0x00000000a7600000, 0x00000000a7600000, 0x00000000a7700000|  0%| F|  |TAMS 0x00000000a7600000, 0x00000000a7600000| Untracked 
| 107|0x00000000a7700000, 0x00000000a7700000, 0x00000000a7800000|  0%| F|  |TAMS 0x00000000a7700000, 0x00000000a7700000| Untracked 
| 108|0x00000000a7800000, 0x00000000a7800000, 0x00000000a7900000|  0%| F|  |TAMS 0x00000000a7800000, 0x00000000a7800000| Untracked 
| 109|0x00000000a7900000, 0x00000000a7900000, 0x00000000a7a00000|  0%| F|  |TAMS 0x00000000a7900000, 0x00000000a7900000| Untracked 
| 110|0x00000000a7a00000, 0x00000000a7a00000, 0x00000000a7b00000|  0%| F|  |TAMS 0x00000000a7a00000, 0x00000000a7a00000| Untracked 
| 111|0x00000000a7b00000, 0x00000000a7b00000, 0x00000000a7c00000|  0%| F|  |TAMS 0x00000000a7b00000, 0x00000000a7b00000| Untracked 
| 112|0x00000000a7c00000, 0x00000000a7c00000, 0x00000000a7d00000|  0%| F|  |TAMS 0x00000000a7c00000, 0x00000000a7c00000| Untracked 
| 113|0x00000000a7d00000, 0x00000000a7d00000, 0x00000000a7e00000|  0%| F|  |TAMS 0x00000000a7d00000, 0x00000000a7d00000| Untracked 
| 114|0x00000000a7e00000, 0x00000000a7e00000, 0x00000000a7f00000|  0%| F|  |TAMS 0x00000000a7e00000, 0x00000000a7e00000| Untracked 
| 115|0x00000000a7f00000, 0x00000000a7f00000, 0x00000000a8000000|  0%| F|  |TAMS 0x00000000a7f00000, 0x00000000a7f00000| Untracked 

Card table byte_map: [0x0000021cfa9c0000,0x0000021cfacc0000] _byte_map_base: 0x0000021cfa4ba000

Marking Bits (Prev, Next): (CMBitMap*) 0x0000021ce1197ac8, (CMBitMap*) 0x0000021ce1197b00
 Prev Bits: [0x0000021cfafc0000, 0x0000021cfc790000)
 Next Bits: [0x0000021cfc790000, 0x0000021cfdf60000)

Polling page: 0x0000021ce1240000

Metaspace:

Usage:
  Non-class:     48.97 MB capacity,    48.57 MB (>99%) used,   326.21 KB ( <1%) free+waste,    83.75 KB ( <1%) overhead. 
      Class:      6.24 MB capacity,     6.02 MB ( 96%) used,   195.24 KB (  3%) free+waste,    33.69 KB ( <1%) overhead. 
       Both:     55.21 MB capacity,    54.58 MB ( 99%) used,   521.45 KB ( <1%) free+waste,   117.44 KB ( <1%) overhead. 

Virtual space:
  Non-class space:       50.00 MB reserved,      49.00 MB ( 98%) committed 
      Class space:        1.00 GB reserved,       6.25 MB ( <1%) committed 
             Both:        1.05 GB reserved,      55.25 MB (  5%) committed 

Chunk freelists:
   Non-Class:  35.00 KB
       Class:  10.00 KB
        Both:  45.00 KB

MaxMetaspaceSize: 17179869184.00 GB
CompressedClassSpaceSize: 1.00 GB
Initial GC threshold: 20.80 MB
Current GC threshold: 58.75 MB
CDS: off

CodeHeap 'non-profiled nmethods': size=120064Kb used=2864Kb max_used=2864Kb free=117200Kb
 bounds [0x0000021cf2b60000, 0x0000021cf2e30000, 0x0000021cfa0a0000]
CodeHeap 'profiled nmethods': size=120000Kb used=17846Kb max_used=17846Kb free=102153Kb
 bounds [0x0000021ceb630000, 0x0000021cec7a0000, 0x0000021cf2b60000]
CodeHeap 'non-nmethods': size=5696Kb used=1276Kb max_used=1337Kb free=4419Kb
 bounds [0x0000021ceb0a0000, 0x0000021ceb310000, 0x0000021ceb630000]
 total_blobs=8090 nmethods=7532 adapters=468
 compilation: enabled
              stopped_count=0, restarted_count=0
 full_count=0

Compilation events (20 events):
Event: 10.672 Thread 0x0000021c8060a800 nmethod 7615 0x0000021cec794890 code [0x0000021cec794c00, 0x0000021cec795d58]
Event: 10.672 Thread 0x0000021c8060a800 7616       3       org.jetbrains.kotlin.types.expressions.PreliminaryDeclarationVisitor$Companion$topMostNonClassDeclaration$$inlined$filterIsInstance$1::invoke (9 bytes)
Event: 10.673 Thread 0x0000021c8060a800 nmethod 7616 0x0000021cec796390 code [0x0000021cec796560, 0x0000021cec796898]
Event: 10.673 Thread 0x0000021c8060a800 7614       3       org.jetbrains.kotlin.types.SimpleTypeImpl::replaceAnnotations (9 bytes)
Event: 10.673 Thread 0x0000021c8060a800 nmethod 7614 0x0000021cec796990 code [0x0000021cec796b40, 0x0000021cec796c68]
Event: 10.673 Thread 0x0000021c8060a800 7617       3       org.jetbrains.kotlin.resolve.lazy.LazyImportResolver::collectFromImports (41 bytes)
Event: 10.674 Thread 0x0000021c8060a800 nmethod 7617 0x0000021cec796d10 code [0x0000021cec797000, 0x0000021cec797ea8]
Event: 10.674 Thread 0x0000021c8060a800 7618       3       org.jetbrains.kotlin.resolve.lazy.LazyImportResolver$collectFromImports$1::<init> (21 bytes)
Event: 10.674 Thread 0x0000021c8060a800 nmethod 7618 0x0000021cec798390 code [0x0000021cec798560, 0x0000021cec798838]
Event: 10.675 Thread 0x0000021c8060a800 7619       3       org.jetbrains.kotlin.resolve.lazy.LazyImportResolver$collectFromImports$1::invoke (5 bytes)
Event: 10.675 Thread 0x0000021c8060a800 nmethod 7619 0x0000021cec798910 code [0x0000021cec798ac0, 0x0000021cec798be8]
Event: 10.676 Thread 0x0000021c8060a800 7621       1       org.jetbrains.kotlin.resolve.deprecation.DeprecationResolver::access$getLanguageVersionSettings$p (5 bytes)
Event: 10.676 Thread 0x0000021c8060a800 nmethod 7621 0x0000021cf2e2ac10 code [0x0000021cf2e2adc0, 0x0000021cf2e2ae58]
Event: 10.676 Thread 0x0000021c8060a800 7622       3       org.jetbrains.kotlin.resolve.scopes.MemberScopeImpl::recordLookup (10 bytes)
Event: 10.678 Thread 0x0000021c8060a800 nmethod 7622 0x0000021cec798c90 code [0x0000021cec799060, 0x0000021cec79a5c8]
Event: 10.678 Thread 0x0000021c8060a800 7623       3       org.jetbrains.kotlin.resolve.scopes.MemberScope$DefaultImpls::recordLookup (28 bytes)
Event: 10.679 Thread 0x0000021c83641000 nmethod 7582 0x0000021cf2e2af10 code [0x0000021cf2e2b120, 0x0000021cf2e2b858]
Event: 10.680 Thread 0x0000021c83641000 7620       4       org.jetbrains.kotlin.util.collectionUtils.ScopeUtilsKt::concat (61 bytes)
Event: 10.680 Thread 0x0000021c8060a800 nmethod 7623 0x0000021cec79ad10 code [0x0000021cec79b1c0, 0x0000021cec79cfe8]
Event: 10.680 Thread 0x0000021c8060a800 7625       3       org.jetbrains.kotlin.load.java.lazy.descriptors.LazyJavaScope::getClassNamesLazy (17 bytes)

GC Heap History (17 events):
Event: 0.942 GC heap before
{Heap before GC invocations=0 (full 0):
 garbage-first heap   total 98304K, used 18432K [0x00000000a0c00000, 0x0000000100000000)
  region size 1024K, 14 young (14336K), 0 survivors (0K)
 Metaspace       used 9773K, capacity 9839K, committed 10112K, reserved 1058816K
  class space    used 815K, capacity 852K, committed 896K, reserved 1048576K
}
Event: 0.948 GC heap after
{Heap after GC invocations=1 (full 0):
 garbage-first heap   total 98304K, used 5384K [0x00000000a0c00000, 0x0000000100000000)
  region size 1024K, 2 young (2048K), 2 survivors (2048K)
 Metaspace       used 9773K, capacity 9839K, committed 10112K, reserved 1058816K
  class space    used 815K, capacity 852K, committed 896K, reserved 1048576K
}
Event: 2.298 GC heap before
{Heap before GC invocations=1 (full 0):
 garbage-first heap   total 98304K, used 52488K [0x00000000a0c00000, 0x0000000100000000)
  region size 1024K, 49 young (50176K), 2 survivors (2048K)
 Metaspace       used 21085K, capacity 21230K, committed 21248K, reserved 1069056K
  class space    used 2213K, capacity 2286K, committed 2304K, reserved 1048576K
}
Event: 2.315 GC heap after
{Heap after GC invocations=2 (full 0):
 garbage-first heap   total 98304K, used 9399K [0x00000000a0c00000, 0x0000000100000000)
  region size 1024K, 6 young (6144K), 6 survivors (6144K)
 Metaspace       used 21085K, capacity 21230K, committed 21248K, reserved 1069056K
  class space    used 2213K, capacity 2286K, committed 2304K, reserved 1048576K
}
Event: 3.915 GC heap before
{Heap before GC invocations=3 (full 0):
 garbage-first heap   total 98304K, used 69815K [0x00000000a0c00000, 0x0000000100000000)
  region size 1024K, 53 young (54272K), 6 survivors (6144K)
 Metaspace       used 30846K, capacity 31309K, committed 31488K, reserved 1077248K
  class space    used 3594K, capacity 3760K, committed 3840K, reserved 1048576K
}
Event: 3.941 GC heap after
{Heap after GC invocations=4 (full 0):
 garbage-first heap   total 98304K, used 23790K [0x00000000a0c00000, 0x0000000100000000)
  region size 1024K, 6 young (6144K), 6 survivors (6144K)
 Metaspace       used 30846K, capacity 31309K, committed 31488K, reserved 1077248K
  class space    used 3594K, capacity 3760K, committed 3840K, reserved 1048576K
}
Event: 4.638 GC heap before
{Heap before GC invocations=4 (full 0):
 garbage-first heap   total 98304K, used 44270K [0x00000000a0c00000, 0x0000000100000000)
  region size 1024K, 27 young (27648K), 6 survivors (6144K)
 Metaspace       used 35219K, capacity 35659K, committed 35840K, reserved 1081344K
  class space    used 4073K, capacity 4250K, committed 4352K, reserved 1048576K
}
Event: 4.653 GC heap after
{Heap after GC invocations=5 (full 0):
 garbage-first heap   total 98304K, used 24064K [0x00000000a0c00000, 0x0000000100000000)
  region size 1024K, 3 young (3072K), 3 survivors (3072K)
 Metaspace       used 35219K, capacity 35659K, committed 35840K, reserved 1081344K
  class space    used 4073K, capacity 4250K, committed 4352K, reserved 1048576K
}
Event: 5.686 GC heap before
{Heap before GC invocations=6 (full 0):
 garbage-first heap   total 98304K, used 60928K [0x00000000a0c00000, 0x0000000100000000)
  region size 1024K, 39 young (39936K), 3 survivors (3072K)
 Metaspace       used 42912K, capacity 43394K, committed 43648K, reserved 1087488K
  class space    used 4977K, capacity 5154K, committed 5248K, reserved 1048576K
}
Event: 5.699 GC heap after
{Heap after GC invocations=7 (full 0):
 garbage-first heap   total 118784K, used 27646K [0x00000000a0c00000, 0x0000000100000000)
  region size 1024K, 5 young (5120K), 5 survivors (5120K)
 Metaspace       used 42912K, capacity 43394K, committed 43648K, reserved 1087488K
  class space    used 4977K, capacity 5154K, committed 5248K, reserved 1048576K
}
Event: 6.988 GC heap before
{Heap before GC invocations=7 (full 0):
 garbage-first heap   total 118784K, used 76798K [0x00000000a0c00000, 0x0000000100000000)
  region size 1024K, 51 young (52224K), 5 survivors (5120K)
 Metaspace       used 50984K, capacity 51595K, committed 51712K, reserved 1095680K
  class space    used 5830K, capacity 6060K, committed 6144K, reserved 1048576K
}
Event: 7.015 GC heap after
{Heap after GC invocations=8 (full 0):
 garbage-first heap   total 118784K, used 36854K [0x00000000a0c00000, 0x0000000100000000)
  region size 1024K, 7 young (7168K), 7 survivors (7168K)
 Metaspace       used 50984K, capacity 51595K, committed 51712K, reserved 1095680K
  class space    used 5830K, capacity 6060K, committed 6144K, reserved 1048576K
}
Event: 7.907 GC heap before
{Heap before GC invocations=8 (full 0):
 garbage-first heap   total 118784K, used 80886K [0x00000000a0c00000, 0x0000000100000000)
  region size 1024K, 49 young (50176K), 7 survivors (7168K)
 Metaspace       used 52153K, capacity 52787K, committed 52992K, reserved 1095680K
  class space    used 5876K, capacity 6106K, committed 6144K, reserved 1048576K
}
Event: 7.938 GC heap after
{Heap after GC invocations=9 (full 0):
 garbage-first heap   total 118784K, used 41984K [0x00000000a0c00000, 0x0000000100000000)
  region size 1024K, 5 young (5120K), 5 survivors (5120K)
 Metaspace       used 52153K, capacity 52787K, committed 52992K, reserved 1095680K
  class space    used 5876K, capacity 6106K, committed 6144K, reserved 1048576K
}
Event: 9.697 GC heap before
{Heap before GC invocations=9 (full 0):
 garbage-first heap   total 118784K, used 83968K [0x00000000a0c00000, 0x0000000100000000)
  region size 1024K, 46 young (47104K), 5 survivors (5120K)
 Metaspace       used 54825K, capacity 55469K, committed 55808K, reserved 1099776K
  class space    used 6083K, capacity 6313K, committed 6400K, reserved 1048576K
}
Event: 9.726 GC heap after
{Heap after GC invocations=10 (full 0):
 garbage-first heap   total 118784K, used 49152K [0x00000000a0c00000, 0x0000000100000000)
  region size 1024K, 6 young (6144K), 6 survivors (6144K)
 Metaspace       used 54825K, capacity 55469K, committed 55808K, reserved 1099776K
  class space    used 6083K, capacity 6313K, committed 6400K, reserved 1048576K
}
Event: 10.681 GC heap before
{Heap before GC invocations=10 (full 0):
 garbage-first heap   total 118784K, used 87040K [0x00000000a0c00000, 0x0000000100000000)
  region size 1024K, 43 young (44032K), 6 survivors (6144K)
 Metaspace       used 55892K, capacity 56531K, committed 56576K, reserved 1099776K
  class space    used 6161K, capacity 6390K, committed 6400K, reserved 1048576K
}

Deoptimization events (20 events):
Event: 10.607 Thread 0x0000021ce1163800 Uncommon trap: trap_request=0xffffff4d fr.pc=0x0000021cf2c6fd2c relative=0x000000000000026c
Event: 10.607 Thread 0x0000021ce1163800 Uncommon trap: reason=unstable_if action=reinterpret pc=0x0000021cf2c6fd2c method=java.util.concurrent.ConcurrentHashMap.get(Ljava/lang/Object;)Ljava/lang/Object; @ 152 c2
Event: 10.607 Thread 0x0000021ce1163800 DEOPT PACKING pc=0x0000021cf2c6fd2c sp=0x00000092167faf90
Event: 10.607 Thread 0x0000021ce1163800 DEOPT UNPACKING pc=0x0000021ceb0ea1af sp=0x00000092167faf08 mode 2
Event: 10.607 Thread 0x0000021ce1163800 Uncommon trap: trap_request=0xffffffde fr.pc=0x0000021cf2ba8f18 relative=0x0000000000001458
Event: 10.608 Thread 0x0000021ce1163800 Uncommon trap: reason=class_check action=maybe_recompile pc=0x0000021cf2ba8f18 method=java.util.concurrent.ConcurrentHashMap.putVal(Ljava/lang/Object;Ljava/lang/Object;Z)Ljava/lang/Object; @ 242 c2
Event: 10.608 Thread 0x0000021ce1163800 DEOPT PACKING pc=0x0000021cf2ba8f18 sp=0x00000092167faee0
Event: 10.608 Thread 0x0000021ce1163800 DEOPT UNPACKING pc=0x0000021ceb0ea1af sp=0x00000092167fae60 mode 2
Event: 10.608 Thread 0x0000021ce1163800 Uncommon trap: trap_request=0xffffffde fr.pc=0x0000021cf2ba8f18 relative=0x0000000000001458
Event: 10.608 Thread 0x0000021ce1163800 Uncommon trap: reason=class_check action=maybe_recompile pc=0x0000021cf2ba8f18 method=java.util.concurrent.ConcurrentHashMap.putVal(Ljava/lang/Object;Ljava/lang/Object;Z)Ljava/lang/Object; @ 242 c2
Event: 10.608 Thread 0x0000021ce1163800 DEOPT PACKING pc=0x0000021cf2ba8f18 sp=0x00000092167faee0
Event: 10.608 Thread 0x0000021ce1163800 DEOPT UNPACKING pc=0x0000021ceb0ea1af sp=0x00000092167fae60 mode 2
Event: 10.608 Thread 0x0000021ce1163800 Uncommon trap: trap_request=0xffffffde fr.pc=0x0000021cf2ba8f18 relative=0x0000000000001458
Event: 10.608 Thread 0x0000021ce1163800 Uncommon trap: reason=class_check action=maybe_recompile pc=0x0000021cf2ba8f18 method=java.util.concurrent.ConcurrentHashMap.putVal(Ljava/lang/Object;Ljava/lang/Object;Z)Ljava/lang/Object; @ 242 c2
Event: 10.608 Thread 0x0000021ce1163800 DEOPT PACKING pc=0x0000021cf2ba8f18 sp=0x00000092167fad80
Event: 10.608 Thread 0x0000021ce1163800 DEOPT UNPACKING pc=0x0000021ceb0ea1af sp=0x00000092167fad00 mode 2
Event: 10.610 Thread 0x0000021ce1163800 Uncommon trap: trap_request=0xffffffde fr.pc=0x0000021cf2ba8f18 relative=0x0000000000001458
Event: 10.610 Thread 0x0000021ce1163800 Uncommon trap: reason=class_check action=maybe_recompile pc=0x0000021cf2ba8f18 method=java.util.concurrent.ConcurrentHashMap.putVal(Ljava/lang/Object;Ljava/lang/Object;Z)Ljava/lang/Object; @ 242 c2
Event: 10.610 Thread 0x0000021ce1163800 DEOPT PACKING pc=0x0000021cf2ba8f18 sp=0x00000092167fad80
Event: 10.610 Thread 0x0000021ce1163800 DEOPT UNPACKING pc=0x0000021ceb0ea1af sp=0x00000092167fad00 mode 2

Classes redefined (0 events):
No events

Internal exceptions (20 events):
Event: 3.035 Thread 0x0000021ce1163800 Exception <a 'java/lang/NoSuchMethodError'{0x00000000a56fb630}: 'void java.lang.invoke.DirectMethodHandle$Holder.invokeVirtual(java.lang.Object, java.lang.Object)'> (0x00000000a56fb630) thrown at [./src/hotspot/share/interpreter/linkResolver.cpp, line 773]
Event: 3.053 Thread 0x0000021ce1163800 Exception <a 'java/lang/NoSuchMethodError'{0x00000000a5572c10}: 'int java.lang.invoke.DirectMethodHandle$Holder.invokeVirtual(java.lang.Object, java.lang.Object)'> (0x00000000a5572c10) thrown at [./src/hotspot/share/interpreter/linkResolver.cpp, line 773]
Event: 3.705 Thread 0x0000021ce1163800 Implicit null exception at 0x0000021cf2bc8ff4 to 0x0000021cf2bc920c
Event: 3.709 Thread 0x0000021ce1163800 Implicit null exception at 0x0000021cf2bbe75e to 0x0000021cf2bbeeca
Event: 3.710 Thread 0x0000021ce1163800 Implicit null exception at 0x0000021cf2bdb9af to 0x0000021cf2bdba1d
Event: 4.394 Thread 0x0000021ce1163800 Exception <a 'java/lang/NoSuchMethodError'{0x00000000a62fbaf0}: 'java.lang.Object java.lang.invoke.DirectMethodHandle$Holder.invokeVirtual(java.lang.Object, java.lang.Object, java.lang.Object)'> (0x00000000a62fbaf0) thrown at [./src/hotspot/share/interpreter/linkResolver.cpp, line 773]
Event: 5.351 Thread 0x0000021ce1163800 Exception <a 'java/lang/NoSuchMethodError'{0x00000000a4cb4c20}: 'java.lang.Object java.lang.invoke.Invokers$Holder.linkToTargetMethod(java.lang.Object, int, java.lang.Object)'> (0x00000000a4cb4c20) thrown at [./src/hotspot/share/interpreter/linkResolver.cpp, line 773]
Event: 5.638 Thread 0x0000021ce1163800 Exception <a 'java/lang/NoSuchMethodError'{0x00000000a46dbca8}: 'java.lang.Object java.lang.invoke.DirectMethodHandle$Holder.invokeStatic(java.lang.Object, java.lang.Object, java.lang.Object, int)'> (0x00000000a46dbca8) thrown at [./src/hotspot/share/interpreter/linkResolver.cpp, line 773]
Event: 5.639 Thread 0x0000021ce1163800 Exception <a 'java/lang/NoSuchMethodError'{0x00000000a46df918}: 'java.lang.Object java.lang.invoke.DirectMethodHandle$Holder.invokeSpecial(java.lang.Object, java.lang.Object, java.lang.Object, java.lang.Object, int)'> (0x00000000a46df918) thrown at [./src/hotspot/share/interpreter/linkResolver.cpp, line 773]
Event: 5.639 Thread 0x0000021ce1163800 Exception <a 'java/lang/NoSuchMethodError'{0x00000000a46e2c28}: 'java.lang.Object java.lang.invoke.Invokers$Holder.linkToTargetMethod(java.lang.Object, java.lang.Object, int, java.lang.Object)'> (0x00000000a46e2c28) thrown at [./src/hotspot/share/interpreter/linkResolver.cpp, line 773]
Event: 6.231 Thread 0x0000021ce1163800 Exception <a 'java/lang/NoSuchMethodError'{0x00000000a6b645e0}: 'java.lang.Object java.lang.invoke.DirectMethodHandle$Holder.invokeSpecial(java.lang.Object, java.lang.Object, java.lang.Object, java.lang.Object, java.lang.Object, java.lang.Object, java.lang.Object, java.lang.Object, java.lang.Object)'> (0x00000000a6b645e0) thrown at [./src/hotspot/share/interpreter/linkResolver.cpp, line 773]
Event: 6.232 Thread 0x0000021ce1163800 Exception <a 'java/lang/NoSuchMethodError'{0x00000000a6b687d8}: 'java.lang.Object java.lang.invoke.Invokers$Holder.linkToTargetMethod(java.lang.Object, java.lang.Object, java.lang.Object, java.lang.Object, java.lang.Object, java.lang.Object, java.lang.Object, java.lang.Object)'> (0x00000000a6b687d8) thrown at [./src/hotspot/share/interpreter/linkResolver.cpp, line 773]
Event: 6.303 Thread 0x0000021ce1163800 Exception <a 'java/lang/NoSuchMethodError'{0x00000000a6823f70}: 'java.lang.Object java.lang.invoke.Invokers$Holder.linkToTargetMethod(java.lang.Object, java.lang.Object, java.lang.Object, java.lang.Object, java.lang.Object, java.lang.Object)'> (0x00000000a6823f70) thrown at [./src/hotspot/share/interpreter/linkResolver.cpp, line 773]
Event: 8.013 Thread 0x0000021ce1163800 Exception <a 'java/lang/NoSuchMethodError'{0x00000000a7ee6030}: 'int java.lang.invoke.DirectMethodHandle$Holder.invokeStaticInit(java.lang.Object, int)'> (0x00000000a7ee6030) thrown at [./src/hotspot/share/interpreter/linkResolver.cpp, line 773]
Event: 8.448 Thread 0x0000021ce1163800 Exception <a 'java/lang/NoSuchMethodError'{0x00000000a74c9af8}: 'int java.lang.invoke.DirectMethodHandle$Holder.invokeInterface(java.lang.Object, java.lang.Object)'> (0x00000000a74c9af8) thrown at [./src/hotspot/share/interpreter/linkResolver.cpp, line 773]
Event: 8.756 Thread 0x0000021ce1163800 Exception <a 'java/lang/NoSuchMethodError'{0x00000000a7079630}: 'java.lang.Object java.lang.invoke.DirectMethodHandle$Holder.invokeStaticInit(java.lang.Object, java.lang.Object, java.lang.Object)'> (0x00000000a7079630) thrown at [./src/hotspot/share/interpreter/linkResolver.cpp, line 773]
Event: 8.760 Thread 0x0000021ce1163800 Exception <a 'java/lang/NoSuchMethodError'{0x00000000a70893e8}: 'java.lang.Object java.lang.invoke.DirectMethodHandle$Holder.invokeStatic(java.lang.Object, int, java.lang.Object, java.lang.Object)'> (0x00000000a70893e8) thrown at [./src/hotspot/share/interpreter/linkResolver.cpp, line 773]
Event: 10.318 Thread 0x0000021ce1163800 Exception <a 'java/lang/NoSuchMethodError'{0x00000000a64e0e10}: 'java.lang.Object java.lang.invoke.Invokers$Holder.linkToTargetMethod(java.lang.Object, java.lang.Object, java.lang.Object, java.lang.Object, java.lang.Object, java.lang.Object, java.lang.Object)'> (0x00000000a64e0e10) thrown at [./src/hotspot/share/interpreter/linkResolver.cpp, line 773]
Event: 10.505 Thread 0x0000021ce1163800 Exception <a 'java/lang/NoSuchMethodError'{0x00000000a5dec248}: 'java.lang.Object java.lang.invoke.DirectMethodHandle$Holder.invokeInterface(java.lang.Object, java.lang.Object, java.lang.Object)'> (0x00000000a5dec248) thrown at [./src/hotspot/share/interpreter/linkResolver.cpp, line 773]
Event: 10.524 Thread 0x0000021ce1163800 Exception <a 'java/lang/IncompatibleClassChangeError'{0x00000000a5c340c0}: Found class java.lang.Object, but interface was expected> (0x00000000a5c340c0) thrown at [./src/hotspot/share/interpreter/linkResolver.cpp, line 839]

Events (20 events):
Event: 10.614 loading class org/jetbrains/kotlin/types/expressions/DoubleColonExpressionResolver$resolveReservedExpressionSyntaxOnDoubleColonLHS$resultForReservedExpr$2 done
Event: 10.614 loading class org/jetbrains/kotlin/types/expressions/DoubleColonExpressionResolver$resolveReservedExpressionSyntaxOnDoubleColonLHS$resultForReservedCallChain$1
Event: 10.614 loading class org/jetbrains/kotlin/types/expressions/DoubleColonExpressionResolver$resolveReservedExpressionSyntaxOnDoubleColonLHS$resultForReservedCallChain$1 done
Event: 10.615 loading class org/jetbrains/kotlin/types/expressions/DoubleColonExpressionResolver$resolveReservedExpressionSyntaxOnDoubleColonLHS$resultForReservedCallChain$2
Event: 10.615 loading class org/jetbrains/kotlin/types/expressions/DoubleColonExpressionResolver$resolveReservedExpressionSyntaxOnDoubleColonLHS$resultForReservedCallChain$2 done
Event: 10.615 loading class org/jetbrains/kotlin/types/expressions/DoubleColonExpressionResolver$ReservedDoubleColonLHSResolutionResult
Event: 10.615 loading class org/jetbrains/kotlin/types/expressions/DoubleColonExpressionResolver$ReservedDoubleColonLHSResolutionResult done
Event: 10.616 loading class org/jetbrains/kotlin/types/expressions/DoubleColonExpressionResolver$resolveDoubleColonLHS$resultForType$1
Event: 10.616 loading class org/jetbrains/kotlin/types/expressions/DoubleColonExpressionResolver$resolveDoubleColonLHS$resultForType$1 done
Event: 10.616 loading class org/jetbrains/kotlin/types/expressions/DoubleColonExpressionResolver$resolveDoubleColonLHS$resultForType$2
Event: 10.616 loading class org/jetbrains/kotlin/types/expressions/DoubleColonExpressionResolver$resolveDoubleColonLHS$resultForType$2 done
Event: 10.617 loading class org/jetbrains/kotlin/types/expressions/DoubleColonExpressionResolverKt
Event: 10.617 loading class org/jetbrains/kotlin/types/expressions/DoubleColonExpressionResolverKt done
Event: 10.617 loading class org/jetbrains/kotlin/resolve/calls/inference/BuilderInferenceSession
Event: 10.617 loading class org/jetbrains/kotlin/resolve/calls/inference/BuilderInferenceSession done
Event: 10.620 loading class org/jetbrains/kotlin/resolve/calls/tower/ManyCandidatesResolver
Event: 10.620 loading class org/jetbrains/kotlin/resolve/calls/tower/ManyCandidatesResolver done
Event: 10.634 loading class org/jetbrains/kotlin/load/kotlin/AbstractBinaryClassAnnotationAndConstantLoader$WhenMappings
Event: 10.634 loading class org/jetbrains/kotlin/load/kotlin/AbstractBinaryClassAnnotationAndConstantLoader$WhenMappings done
Event: 10.680 Executing VM operation: G1CollectForAllocation


Dynamic libraries:
0x00007ff7b9900000 - 0x00007ff7b990d000 	C:\Program Files\OpenJDK\openjdk-11.0.13_8\bin\java.exe
0x00007ffe725a0000 - 0x00007ffe727a9000 	C:\WINDOWS\SYSTEM32\ntdll.dll
0x00007ffe71020000 - 0x00007ffe710dd000 	C:\WINDOWS\System32\KERNEL32.DLL
0x00007ffe6fc20000 - 0x00007ffe6ff94000 	C:\WINDOWS\System32\KERNELBASE.dll
0x00007ffe6fa90000 - 0x00007ffe6fba1000 	C:\WINDOWS\System32\ucrtbase.dll
0x00007ffe5a4f0000 - 0x00007ffe5a508000 	C:\Program Files\OpenJDK\openjdk-11.0.13_8\bin\jli.dll
0x00007ffe5a510000 - 0x00007ffe5a526000 	C:\Program Files\OpenJDK\openjdk-11.0.13_8\bin\VCRUNTIME140.dll
0x00007ffe71b60000 - 0x00007ffe71d0c000 	C:\WINDOWS\System32\USER32.dll
0x00007ffe5d720000 - 0x00007ffe5d9c5000 	C:\WINDOWS\WinSxS\amd64_microsoft.windows.common-controls_6595b64144ccf1df_6.0.22000.120_none_9d947278b86cc467\COMCTL32.dll
0x00007ffe70270000 - 0x00007ffe70296000 	C:\WINDOWS\System32\win32u.dll
0x00007ffe71d10000 - 0x00007ffe71db3000 	C:\WINDOWS\System32\msvcrt.dll
0x00007ffe715a0000 - 0x00007ffe715c9000 	C:\WINDOWS\System32\GDI32.dll
0x00007ffe702a0000 - 0x00007ffe703b2000 	C:\WINDOWS\System32\gdi32full.dll
0x00007ffe70110000 - 0x00007ffe701ad000 	C:\WINDOWS\System32\msvcp_win.dll
0x00007ffe70440000 - 0x00007ffe70471000 	C:\WINDOWS\System32\IMM32.DLL
0x00007ffe3dd80000 - 0x00007ffe3de2a000 	C:\Program Files\OpenJDK\openjdk-11.0.13_8\bin\msvcp140.dll
0x00007ffe1a4a0000 - 0x00007ffe1afec000 	C:\Program Files\OpenJDK\openjdk-11.0.13_8\bin\server\jvm.dll
0x00007ffe70dc0000 - 0x00007ffe70e6e000 	C:\WINDOWS\System32\ADVAPI32.dll
0x00007ffe70480000 - 0x00007ffe7051e000 	C:\WINDOWS\System32\sechost.dll
0x00007ffe710f0000 - 0x00007ffe71210000 	C:\WINDOWS\System32\RPCRT4.dll
0x00007ffe710e0000 - 0x00007ffe710e8000 	C:\WINDOWS\System32\PSAPI.DLL
0x00007ffe5cc40000 - 0x00007ffe5cc49000 	C:\WINDOWS\SYSTEM32\WSOCK32.dll
0x00007ffe67020000 - 0x00007ffe6702a000 	C:\WINDOWS\SYSTEM32\VERSION.dll
0x00007ffe722f0000 - 0x00007ffe7235f000 	C:\WINDOWS\System32\WS2_32.dll
0x00007ffe6a680000 - 0x00007ffe6a6b3000 	C:\WINDOWS\SYSTEM32\WINMM.dll
0x00007ffe6eb50000 - 0x00007ffe6eb68000 	C:\WINDOWS\SYSTEM32\kernel.appcore.dll
0x00007ffe5a440000 - 0x00007ffe5a451000 	C:\Program Files\OpenJDK\openjdk-11.0.13_8\bin\verify.dll
0x00007ffe6d4c0000 - 0x00007ffe6d6e1000 	C:\WINDOWS\SYSTEM32\DBGHELP.DLL
0x00007ffe5ec20000 - 0x00007ffe5ec51000 	C:\WINDOWS\SYSTEM32\dbgcore.DLL
0x00007ffe703c0000 - 0x00007ffe7043f000 	C:\WINDOWS\System32\bcryptPrimitives.dll
0x00007ffe58910000 - 0x00007ffe58939000 	C:\Program Files\OpenJDK\openjdk-11.0.13_8\bin\java.dll
0x00007ffe5bc50000 - 0x00007ffe5bc5a000 	C:\Program Files\OpenJDK\openjdk-11.0.13_8\bin\jimage.dll
0x00007ffe588f0000 - 0x00007ffe58907000 	C:\Program Files\OpenJDK\openjdk-11.0.13_8\bin\zip.dll
0x00007ffe70610000 - 0x00007ffe70dbe000 	C:\WINDOWS\System32\SHELL32.dll
0x00007ffe6da60000 - 0x00007ffe6e2c8000 	C:\WINDOWS\SYSTEM32\windows.storage.dll
0x00007ffe71e30000 - 0x00007ffe721a8000 	C:\WINDOWS\System32\combase.dll
0x00007ffe6d8f0000 - 0x00007ffe6da56000 	C:\WINDOWS\SYSTEM32\wintypes.dll
0x00007ffe70520000 - 0x00007ffe7060a000 	C:\WINDOWS\System32\SHCORE.dll
0x00007ffe72500000 - 0x00007ffe7255d000 	C:\WINDOWS\System32\shlwapi.dll
0x00007ffe6f9c0000 - 0x00007ffe6f9e1000 	C:\WINDOWS\SYSTEM32\profapi.dll
0x00007ffe588d0000 - 0x00007ffe588e9000 	C:\Program Files\OpenJDK\openjdk-11.0.13_8\bin\net.dll
0x00007ffe68f70000 - 0x00007ffe6907c000 	C:\WINDOWS\SYSTEM32\WINHTTP.dll
0x00007ffe6ef80000 - 0x00007ffe6efe7000 	C:\WINDOWS\system32\mswsock.dll
0x00007ffe558f0000 - 0x00007ffe55903000 	C:\Program Files\OpenJDK\openjdk-11.0.13_8\bin\nio.dll

dbghelp: loaded successfully - version: 4.0.5 - missing functions: none
symbol engine: initialized successfully - sym options: 0x614 - pdb path: .;C:\Program Files\OpenJDK\openjdk-11.0.13_8\bin;C:\WINDOWS\SYSTEM32;C:\WINDOWS\WinSxS\amd64_microsoft.windows.common-controls_6595b64144ccf1df_6.0.22000.120_none_9d947278b86cc467;C:\Program Files\OpenJDK\openjdk-11.0.13_8\bin\server

VM Arguments:
java_command: org.jetbrains.kotlin.cli.jvm.K2JVMCompiler @C:\fahrul\coding\bootcamp\Mobile\vehicleRental\node_modules\react-native-gesture-handler\android\build\20220223_2571512248464230526.compiler.options
java_class_path (initial): C:\Users\fahru\.gradle\caches\modules-2\files-2.1\org.jetbrains.kotlin\kotlin-compiler-embeddable\1.5.20\1900e8b9aca0a9caffd45b99b36e3720a0a284f8\kotlin-compiler-embeddable-1.5.20.jar;C:\Users\fahru\.gradle\caches\modules-2\files-2.1\org.jetbrains.kotlin\kotlin-reflect\1.5.20\63810951f09a27f7827977f1bc21094042a915e\kotlin-reflect-1.5.20.jar;C:\Users\fahru\.gradle\caches\modules-2\files-2.1\org.jetbrains.kotlin\kotlin-stdlib\1.5.20\9de35cc611bcecec8edce1d56d8e659953806751\kotlin-stdlib-1.5.20.jar;C:\Users\fahru\.gradle\caches\modules-2\files-2.1\org.jetbrains.kotlin\kotlin-script-runtime\1.5.20\4381bb58d37b84d4d1afe55ec35542dd9b77e101\kotlin-script-runtime-1.5.20.jar;C:\Users\fahru\.gradle\caches\modules-2\files-2.1\org.jetbrains.kotlin\kotlin-daemon-embeddable\1.5.20\36c38cda019834dcd2959cc33a12768adcd94256\kotlin-daemon-embeddable-1.5.20.jar;C:\Users\fahru\.gradle\caches\modules-2\files-2.1\org.jetbrains.intellij.deps\trove4j\1.0.20181211\216c2e14b070f334479d800987affe4054cd563f\trove4j-1.0.20181211.jar;C:\Users\fahru\.gradle\caches\modules-2\files-2.1\org.jetbrains\annotations\13.0\919f0dfe192fb4e063e7dacadee7f8bb9a2672a9\annotations-13.0.jar;C:\Users\fahru\.gradle\caches\modules-2\files-2.1\org.jetbrains.kotlin\kotlin-stdlib-common\1.5.20\3d79dbd48bf605f4aac1e7028981a1953e245cbb\kotlin-stdlib-common-1.5.20.jar
Launcher Type: SUN_STANDARD

[Global flags]
     intx CICompilerCount                          = 3                                         {product} {ergonomic}
     uint ConcGCThreads                            = 1                                         {product} {ergonomic}
     uint G1ConcRefinementThreads                  = 4                                         {product} {ergonomic}
   size_t G1HeapRegionSize                         = 1048576                                   {product} {ergonomic}
    uintx GCDrainStackTargetSize                   = 64                                        {product} {ergonomic}
   size_t InitialHeapSize                          = 100663296                                 {product} {ergonomic}
   size_t MarkStackSize                            = 4194304                                   {product} {ergonomic}
   size_t MaxHeapSize                              = 1598029824                                {product} {ergonomic}
   size_t MaxNewSize                               = 958398464                                 {product} {ergonomic}
   size_t MinHeapDeltaBytes                        = 1048576                                   {product} {ergonomic}
    uintx NonNMethodCodeHeapSize                   = 5830732                                {pd product} {ergonomic}
    uintx NonProfiledCodeHeapSize                  = 122913754                              {pd product} {ergonomic}
    uintx ProfiledCodeHeapSize                     = 122913754                              {pd product} {ergonomic}
    uintx ReservedCodeCacheSize                    = 251658240                              {pd product} {ergonomic}
     bool SegmentedCodeCache                       = true                                      {product} {ergonomic}
     bool UseCompressedClassPointers               = true                                 {lp64_product} {ergonomic}
     bool UseCompressedOops                        = true                                 {lp64_product} {ergonomic}
     bool UseG1GC                                  = true                                      {product} {ergonomic}
     bool UseLargePagesIndividualAllocation        = false                                  {pd product} {ergonomic}

Logging:
Log output configuration:
 #0: stdout all=warning uptime,level,tags
 #1: stderr all=off uptime,level,tags

Environment Variables:
JAVA_HOME=C:\Program Files\OpenJDK\openjdk-11.0.13_8
CLASSPATH=C:\fahrul\coding\bootcamp\Mobile\vehicleRental\android\\gradle\wrapper\gradle-wrapper.jar
PATH=C:\fahrul\coding\bootcamp\mobile\vehicleRental\android\node_modules\.bin;C:\fahrul\coding\bootcamp\mobile\vehicleRental\node_modules\.bin;C:\fahrul\coding\bootcamp\mobile\node_modules\.bin;C:\fahrul\coding\bootcamp\node_modules\.bin;C:\fahrul\coding\node_modules\.bin;C:\fahrul\node_modules\.bin;C:\node_modules\.bin;C:\Program Files\nodejs;C:\Users\fahru\AppData\Local\Temp\yarn--1645624823806-0.6933184340782661;C:\fahrul\coding\bootcamp\mobile\vehicleRental\node_modules\.bin;C:\Users\fahru\AppData\Local\Yarn\Data\link\node_modules\.bin;C:\Users\fahru\AppData\Local\Yarn\bin;C:\Program Files\libexec\lib\node_modules\npm\bin\node-gyp-bin;C:\Program Files\lib\node_modules\npm\bin\node-gyp-bin;C:\Program Files\nodejs\node_modules\npm\bin\node-gyp-bin;C:\Program Files (x86)\Common Files\Oracle\Java\javapath;C:\WINDOWS\system32;C:\WINDOWS;C:\WINDOWS\System32\Wbem;C:\WINDOWS\System32\WindowsPowerShell\v1.0\;C:\WINDOWS\System32\OpenSSH\;C:\Program Files\Git\cmd;C:\ProgramData\chocolatey\bin;C:\Program Files\nodejs\;C:\Program Files\OpenJDK\openjdk-11.0.13_8\bin;C:\Users\fahru\AppData\Local\Microsoft\WindowsApps;C:\Users\fahru\AppData\Local\Programs\Microsoft VS Code\bin;C:\Program Files\MySQL\MySQL Server 8.0\bin;C:\Users\fahru\AppData\Local\GitHubDesktop\bin;C:\Program Files\heroku\bin;C:\Users\fahru\AppData\Roaming\npm;C:\Users\fahru\AppData\Local\Android\Sdk\platform-tools
USERNAME=fahrul
OS=Windows_NT
PROCESSOR_IDENTIFIER=AMD64 Family 23 Model 24 Stepping 1, AuthenticAMD



---------------  S Y S T E M  ---------------

OS: Windows 10 , 64 bit Build 22000 (10.0.22000.434)
OS uptime: 0 days 2:09 hours
Hyper-V role detected

CPU:total 4 (initial active 4) (4 cores per cpu, 2 threads per core) family 23 model 24 stepping 1 microcode 0x0, cmov, cx8, fxsr, mmx, sse, sse2, sse3, ssse3, sse4.1, sse4.2, popcnt, avx, avx2, aes, clmul, mmxext, 3dnowpref, lzcnt, sse4a, ht, tsc, tscinvbit, tscinv, bmi1, bmi2, adx, sha, fma

Memory: 4k page, system-wide physical 6093M (431M free)
TotalPageFile size 13261M (AvailPageFile size 26M)
current process WorkingSet (physical memory assigned to process): 263M, peak: 272M
current process commit charge ("private bytes"): 296M, peak: 320M

vm_info: OpenJDK 64-Bit Server VM (11.0.13+8) for windows-amd64 JRE (11.0.13+8), built on Oct  8 2021 16:28:06 by "" with MS VC++ 15.5 (VS2017)

END.
